{"/Users/user/Workspace/Personal/Lab/test-with-node/app/container.js": {"path":"/Users/user/Workspace/Personal/Lab/test-with-node/app/container.js","statementMap":{"0":{"start":{"line":1,"column":17},"end":{"line":1,"column":33}},"1":{"start":{"line":2,"column":16},"end":{"line":2,"column":34}},"2":{"start":{"line":4,"column":15},"end":{"line":4,"column":35}},"3":{"start":{"line":7,"column":4},"end":{"line":14,"column":6}},"4":{"start":{"line":9,"column":8},"end":{"line":9,"column":41}},"5":{"start":{"line":12,"column":8},"end":{"line":12,"column":26}},"6":{"start":{"line":13,"column":8},"end":{"line":13,"column":37}},"7":{"start":{"line":16,"column":16},"end":{"line":16,"column":25}},"8":{"start":{"line":19,"column":4},"end":{"line":19,"column":27}},"9":{"start":{"line":21,"column":4},"end":{"line":21,"column":19}},"10":{"start":{"line":24,"column":4},"end":{"line":24,"column":14}},"11":{"start":{"line":27,"column":0},"end":{"line":29,"column":1}}},"fnMap":{"0":{"name":"load","decl":{"start":{"line":6,"column":15},"end":{"line":6,"column":19}},"loc":{"start":{"line":6,"column":22},"end":{"line":25,"column":1}},"line":6},"1":{"name":"(anonymous_1)","decl":{"start":{"line":8,"column":9},"end":{"line":8,"column":10}},"loc":{"start":{"line":8,"column":13},"end":{"line":10,"column":5}},"line":8},"2":{"name":"(anonymous_2)","decl":{"start":{"line":11,"column":11},"end":{"line":11,"column":12}},"loc":{"start":{"line":11,"column":20},"end":{"line":14,"column":5}},"line":11}},"branchMap":{},"s":{"0":2,"1":2,"2":2,"3":2,"4":2,"5":0,"6":0,"7":2,"8":2,"9":2,"10":2,"11":2},"f":{"0":2,"1":2,"2":0},"b":{},"_coverageSchema":"1a1c01bbd47fc00a2c39e90264f33305004495a9","hash":"b1f9c231b804a84d4f636319e20492ca9b7b48af"}
,"/Users/user/Workspace/Personal/Lab/test-with-node/db/index.js": {"path":"/Users/user/Workspace/Personal/Lab/test-with-node/db/index.js","statementMap":{"0":{"start":{"line":1,"column":17},"end":{"line":1,"column":36}},"1":{"start":{"line":4,"column":4},"end":{"line":4,"column":95}},"2":{"start":{"line":8,"column":4},"end":{"line":8,"column":48}},"3":{"start":{"line":11,"column":0},"end":{"line":11,"column":35}}},"fnMap":{"0":{"name":"connect","decl":{"start":{"line":3,"column":15},"end":{"line":3,"column":22}},"loc":{"start":{"line":3,"column":24},"end":{"line":5,"column":1}},"line":3},"1":{"name":"clean","decl":{"start":{"line":7,"column":15},"end":{"line":7,"column":20}},"loc":{"start":{"line":7,"column":22},"end":{"line":9,"column":1}},"line":7}},"branchMap":{},"s":{"0":2,"1":2,"2":1,"3":2},"f":{"0":2,"1":1},"b":{},"_coverageSchema":"1a1c01bbd47fc00a2c39e90264f33305004495a9","hash":"4d054c41eb918646d10302f4d7c5928119af0935"}
,"/Users/user/Workspace/Personal/Lab/test-with-node/handler/health.js": {"path":"/Users/user/Workspace/Personal/Lab/test-with-node/handler/health.js","statementMap":{"0":{"start":{"line":2,"column":4},"end":{"line":4,"column":6}},"1":{"start":{"line":7,"column":0},"end":{"line":9,"column":1}}},"fnMap":{"0":{"name":"checkHealth","decl":{"start":{"line":1,"column":15},"end":{"line":1,"column":26}},"loc":{"start":{"line":1,"column":37},"end":{"line":5,"column":1}},"line":1}},"branchMap":{},"s":{"0":1,"1":2},"f":{"0":1},"b":{},"_coverageSchema":"1a1c01bbd47fc00a2c39e90264f33305004495a9","hash":"1408ddf3930e42fee6de5692a507316eac3fe7fa"}
,"/Users/user/Workspace/Personal/Lab/test-with-node/handler/note.js": {"path":"/Users/user/Workspace/Personal/Lab/test-with-node/handler/note.js","statementMap":{"0":{"start":{"line":1,"column":18},"end":{"line":1,"column":44}},"1":{"start":{"line":4,"column":15},"end":{"line":7,"column":1}},"2":{"start":{"line":5,"column":17},"end":{"line":5,"column":49}},"3":{"start":{"line":6,"column":4},"end":{"line":6,"column":30}},"4":{"start":{"line":9,"column":0},"end":{"line":11,"column":1}}},"fnMap":{"0":{"name":"(anonymous_0)","decl":{"start":{"line":4,"column":15},"end":{"line":4,"column":16}},"loc":{"start":{"line":4,"column":34},"end":{"line":7,"column":1}},"line":4}},"branchMap":{},"s":{"0":2,"1":2,"2":1,"3":1,"4":2},"f":{"0":1},"b":{},"_coverageSchema":"1a1c01bbd47fc00a2c39e90264f33305004495a9","hash":"b39f8488d2002ca1425041ccfc7b0ed08e97a67b"}
,"/Users/user/Workspace/Personal/Lab/test-with-node/helper/calculate.js": {"path":"/Users/user/Workspace/Personal/Lab/test-with-node/helper/calculate.js","statementMap":{"0":{"start":{"line":3,"column":4},"end":{"line":3,"column":16}},"1":{"start":{"line":6,"column":0},"end":{"line":8,"column":1}}},"fnMap":{"0":{"name":"sum","decl":{"start":{"line":2,"column":9},"end":{"line":2,"column":12}},"loc":{"start":{"line":2,"column":19},"end":{"line":4,"column":1}},"line":2}},"branchMap":{},"s":{"0":1,"1":1},"f":{"0":1},"b":{},"_coverageSchema":"1a1c01bbd47fc00a2c39e90264f33305004495a9","hash":"0b897b84c00221587297a4793bd717ebc85278fb"}
,"/Users/user/Workspace/Personal/Lab/test-with-node/helper/geomerty.js": {"path":"/Users/user/Workspace/Personal/Lab/test-with-node/helper/geomerty.js","statementMap":{"0":{"start":{"line":3,"column":8},"end":{"line":3,"column":30}},"1":{"start":{"line":7,"column":0},"end":{"line":7,"column":23}}},"fnMap":{"0":{"name":"(anonymous_0)","decl":{"start":{"line":2,"column":4},"end":{"line":2,"column":5}},"loc":{"start":{"line":2,"column":24},"end":{"line":4,"column":5}},"line":2}},"branchMap":{},"s":{"0":1,"1":1},"f":{"0":1},"b":{},"_coverageSchema":"1a1c01bbd47fc00a2c39e90264f33305004495a9","hash":"1fececd203d9a888160b60f679ef7862d199b6b6"}
,"/Users/user/Workspace/Personal/Lab/test-with-node/models/notes.js": {"path":"/Users/user/Workspace/Personal/Lab/test-with-node/models/notes.js","statementMap":{"0":{"start":{"line":1,"column":17},"end":{"line":1,"column":36}},"1":{"start":{"line":3,"column":15},"end":{"line":14,"column":2}},"2":{"start":{"line":16,"column":1},"end":{"line":16,"column":57}}},"fnMap":{},"branchMap":{},"s":{"0":2,"1":2,"2":2},"f":{},"b":{},"_coverageSchema":"1a1c01bbd47fc00a2c39e90264f33305004495a9","hash":"681b5b4c92fa27361fb00a306b3cb7b2ab424a92"}
,"/Users/user/Workspace/Personal/Lab/test-with-node/routes/index.js": {"path":"/Users/user/Workspace/Personal/Lab/test-with-node/routes/index.js","statementMap":{"0":{"start":{"line":1,"column":19},"end":{"line":1,"column":37}},"1":{"start":{"line":3,"column":22},"end":{"line":3,"column":50}},"2":{"start":{"line":4,"column":20},"end":{"line":4,"column":46}},"3":{"start":{"line":6,"column":15},"end":{"line":6,"column":23}},"4":{"start":{"line":8,"column":0},"end":{"line":8,"column":48}},"5":{"start":{"line":10,"column":0},"end":{"line":10,"column":40}},"6":{"start":{"line":12,"column":0},"end":{"line":12,"column":23}}},"fnMap":{},"branchMap":{},"s":{"0":2,"1":2,"2":2,"3":2,"4":2,"5":2,"6":2},"f":{},"b":{},"_coverageSchema":"1a1c01bbd47fc00a2c39e90264f33305004495a9","hash":"0eef5ecfe834c27947044129ca86cbb33cabf397"}
}
